2024/03/11 07:26:20 [notice] 1#1: using the "epoll" event method
2024/03/11 07:26:20 [notice] 1#1: nginx/1.25.4
2024/03/11 07:26:20 [notice] 1#1: built by gcc 12.2.1 20220924 (Alpine 12.2.1_git20220924-r10) 
2024/03/11 07:26:20 [notice] 1#1: OS: Linux 6.5.0-17-generic
2024/03/11 07:26:20 [notice] 1#1: getrlimit(RLIMIT_NOFILE): 1048576:1048576
2024/03/11 07:26:20 [notice] 1#1: start worker processes
2024/03/11 07:26:20 [notice] 1#1: start worker process 19
2024/03/11 07:26:20 [notice] 1#1: start worker process 20
2024/03/11 07:26:20 [notice] 1#1: start worker process 21
2024/03/11 07:26:20 [notice] 1#1: start worker process 22
2024/03/11 07:43:29 [notice] 1#1: signal 3 (SIGQUIT) received, shutting down
2024/03/11 07:43:29 [notice] 19#19: gracefully shutting down
2024/03/11 07:43:29 [notice] 20#20: gracefully shutting down
2024/03/11 07:43:29 [notice] 19#19: exiting
2024/03/11 07:43:29 [notice] 20#20: exiting
2024/03/11 07:43:29 [notice] 19#19: exit
2024/03/11 07:43:29 [notice] 20#20: exit
2024/03/11 07:43:29 [notice] 21#21: gracefully shutting down
2024/03/11 07:43:29 [notice] 21#21: exiting
2024/03/11 07:43:29 [notice] 21#21: exit
2024/03/11 07:43:29 [notice] 22#22: gracefully shutting down
2024/03/11 07:43:29 [notice] 22#22: exiting
2024/03/11 07:43:29 [notice] 22#22: exit
2024/03/11 07:43:29 [notice] 1#1: signal 17 (SIGCHLD) received from 22
2024/03/11 07:43:29 [notice] 1#1: worker process 22 exited with code 0
2024/03/11 07:43:29 [notice] 1#1: signal 29 (SIGIO) received
2024/03/11 07:43:29 [notice] 1#1: signal 17 (SIGCHLD) received from 20
2024/03/11 07:43:29 [notice] 1#1: worker process 19 exited with code 0
2024/03/11 07:43:29 [notice] 1#1: worker process 20 exited with code 0
2024/03/11 07:43:29 [notice] 1#1: signal 29 (SIGIO) received
2024/03/11 07:43:29 [notice] 1#1: signal 17 (SIGCHLD) received from 21
2024/03/11 07:43:29 [notice] 1#1: worker process 21 exited with code 0
2024/03/11 07:43:29 [notice] 1#1: exit
2024/03/11 07:46:09 [emerg] 1#1: host not found in upstream "app" in /etc/nginx/conf.d/site.conf:32
2024/03/11 08:07:55 [emerg] 1#1: host not found in upstream "app" in /etc/nginx/conf.d/site.conf:32
2024/03/11 08:20:50 [emerg] 1#1: host not found in upstream "app" in /etc/nginx/conf.d/site.conf:32
2024/03/11 08:49:55 [emerg] 1#1: host not found in upstream "app" in /etc/nginx/conf.d/site.conf:32
2024/03/11 09:22:24 [emerg] 1#1: host not found in upstream "app" in /etc/nginx/conf.d/site.conf:32
2024/03/12 08:27:14 [emerg] 1#1: host not found in upstream "app" in /etc/nginx/conf.d/site.conf:32
